TN:
SF:scrabble-scorer.js
FN:16,oldScrabbleScorer
FN:33,initialPrompt
FN:44,(anonymous_2)
FN:62,vowelBonusScorer
FN:82,(anonymous_4)
FN:112,scorerPrompt
FN:125,transform
FN:139,runProgram
FNF:8
FNH:4
FNDA:0,oldScrabbleScorer
FNDA:0,initialPrompt
FNDA:3,(anonymous_2)
FNDA:10,vowelBonusScorer
FNDA:4,(anonymous_4)
FNDA:0,scorerPrompt
FNDA:7,transform
FNDA:0,runProgram
DA:3,1
DA:5,1
DA:17,0
DA:18,0
DA:20,0
DA:22,0
DA:24,0
DA:25,0
DA:29,0
DA:35,0
DA:37,0
DA:44,1
DA:46,3
DA:49,3
DA:52,3
DA:53,6
DA:58,3
DA:63,10
DA:66,10
DA:67,10
DA:70,10
DA:71,19
DA:72,15
DA:74,4
DA:78,10
DA:82,1
DA:83,4
DA:84,4
DA:85,4
DA:86,12
DA:89,4
DA:93,1
DA:114,0
DA:115,0
DA:116,0
DA:117,0
DA:119,0
DA:121,0
DA:126,7
DA:127,7
DA:128,49
DA:129,49
DA:130,182
DA:133,7
DA:137,1
DA:140,0
DA:141,0
DA:143,0
DA:144,0
DA:152,1
LF:50
LH:31
BRDA:24,0,0,0
BRDA:24,0,1,0
BRDA:71,1,0,15
BRDA:71,1,1,4
BRF:4
BRH:2
end_of_record
